<?xml version="1.0" encoding="UTF-8"?>
<testng-results skipped="0" failed="0" total="2" passed="2">
  <reporter-output>
  </reporter-output>
  <suite name="Default suite" duration-ms="16628" started-at="2022-06-24T08:08:33Z" finished-at="2022-06-24T08:08:50Z">
    <groups>
    </groups>
    <test name="Default test" duration-ms="16628" started-at="2022-06-24T08:08:33Z" finished-at="2022-06-24T08:08:50Z">
      <class name="ibm.FirstProject.register">
        <test-method status="PASS" signature="test()[pri:0, instance:ibm.FirstProject.register@7a0ac6e3]" name="test" duration-ms="15564" started-at="2022-06-24T13:38:33Z" finished-at="2022-06-24T13:38:49Z">
          <reporter-output>
          </reporter-output>
        </test-method> <!-- test -->
        <test-method status="PASS" signature="logout()[pri:0, instance:ibm.FirstProject.register@7a0ac6e3]" name="logout" duration-ms="1054" started-at="2022-06-24T13:38:49Z" finished-at="2022-06-24T13:38:50Z">
          <reporter-output>
          </reporter-output>
        </test-method> <!-- logout -->
      </class> <!-- ibm.FirstProject.register -->
    </test> <!-- Default test -->
  </suite> <!-- Default suite -->
</testng-results>
